<?xml version="1.0" encoding="UTF-8"?>
<testng-results ignored="0" total="1" passed="1" failed="0" skipped="0">
  <reporter-output>
  </reporter-output>
  <suite started-at="2022-05-01T07:23:55Z" name="Default suite" finished-at="2022-05-01T07:24:10Z" duration-ms="15561">
    <groups>
    </groups>
    <test started-at="2022-05-01T07:23:55Z" name="Default test" finished-at="2022-05-01T07:24:10Z" duration-ms="15561">
      <class name="com.lambdatest.TestScenario2">
        <test-method is-config="true" signature="setup(java.lang.reflect.Method, org.testng.ITestContext)[pri:0, instance:com.lambdatest.TestScenario2@327bcebd]" started-at="2022-05-01T07:23:55Z" name="setup" finished-at="2022-05-01T07:24:02Z" duration-ms="7554" status="PASS">
          <params>
            <param index="0">
              <value>
                <![CDATA[public void com.lambdatest.TestScenario2.basicTest() throws java.lang.InterruptedException]]>
              </value>
            </param>
            <param index="1">
              <value>
                <![CDATA[org.testng.TestRunner@56ba8773]]>
              </value>
            </param>
          </params>
          <reporter-output>
          </reporter-output>
        </test-method> <!-- setup -->
        <test-method signature="basicTest()[pri:0, instance:com.lambdatest.TestScenario2@327bcebd]" started-at="2022-05-01T07:24:02Z" name="basicTest" finished-at="2022-05-01T07:24:08Z" duration-ms="6256" status="PASS">
          <reporter-output>
          </reporter-output>
        </test-method> <!-- basicTest -->
        <test-method is-config="true" signature="tearDown()[pri:0, instance:com.lambdatest.TestScenario2@327bcebd]" started-at="2022-05-01T07:24:08Z" name="tearDown" finished-at="2022-05-01T07:24:10Z" duration-ms="1704" status="PASS">
          <reporter-output>
          </reporter-output>
        </test-method> <!-- tearDown -->
      </class> <!-- com.lambdatest.TestScenario2 -->
    </test> <!-- Default test -->
  </suite> <!-- Default suite -->
</testng-results>
